Arguments: 
  /home/socks4penguins/.config/nvm/versions/node/v19.7.0/bin/node /home/socks4penguins/.config/nvm/versions/node/v19.7.0/bin/yarn add csv-write-stream

PATH: 
  /home/socks4penguins/.config/nvm/versions/node/v19.7.0/bin:/usr/local/bin:/usr/bin:/bin:/usr/local/games:/usr/games:/snap/bin

Yarn version: 
  1.22.19

Node version: 
  19.7.0

Platform: 
  linux x64

Trace: 
  SyntaxError: /home/socks4penguins/os2l2text/package.json: Unexpected end of JSON input
      at JSON.parse (<anonymous>)
      at /home/socks4penguins/.config/nvm/versions/node/v19.7.0/lib/node_modules/yarn/lib/cli.js:1629:59
      at Generator.next (<anonymous>)
      at step (/home/socks4penguins/.config/nvm/versions/node/v19.7.0/lib/node_modules/yarn/lib/cli.js:310:30)
      at /home/socks4penguins/.config/nvm/versions/node/v19.7.0/lib/node_modules/yarn/lib/cli.js:321:13

npm manifest: 
  

yarn manifest: 
  No manifest

Lockfile: 
  No lockfile
